TN:
SF:src/router.ts
FNF:0
FNH:0
DA:1,1
DA:2,1
DA:10,1
DA:11,1
DA:12,1
DA:14,1
DA:16,1
DA:17,1
DA:18,1
DA:24,1
DA:31,1
DA:41,1
DA:48,1
LF:13
LH:13
BRF:0
BRH:0
end_of_record
TN:
SF:src/server.ts
FN:6,connectDB
FN:23,(anonymous_2)
FNF:2
FNH:2
FNDA:1,connectDB
FNDA:1,(anonymous_2)
DA:1,1
DA:2,1
DA:3,1
DA:4,1
DA:7,1
DA:8,1
DA:9,0
DA:12,0
DA:13,0
DA:17,1
DA:19,1
DA:20,1
DA:21,1
DA:23,1
DA:24,1
DA:27,1
LF:16
LH:13
BRF:0
BRH:0
end_of_record
TN:
SF:src/config/db.ts
FNF:0
FNH:0
DA:1,1
DA:2,1
DA:3,1
DA:5,1
DA:15,1
LF:5
LH:5
BRF:0
BRH:0
end_of_record
TN:
SF:src/handlers/product.ts
FN:5,(anonymous_1)
FN:18,(anonymous_2)
FN:31,(anonymous_3)
FN:40,(anonymous_4)
FN:57,(anonymous_5)
FN:74,(anonymous_6)
FNF:6
FNH:0
FNDA:0,(anonymous_1)
FNDA:0,(anonymous_2)
FNDA:0,(anonymous_3)
FNDA:0,(anonymous_4)
FNDA:0,(anonymous_5)
FNDA:0,(anonymous_6)
DA:2,1
DA:5,1
DA:6,0
DA:7,0
DA:12,0
DA:14,0
DA:18,1
DA:19,0
DA:20,0
DA:21,0
DA:22,0
DA:23,0
DA:25,0
DA:27,0
DA:31,1
DA:32,0
DA:33,0
DA:34,0
DA:36,0
DA:40,1
DA:41,0
DA:42,0
DA:43,0
DA:44,0
DA:45,0
DA:48,0
DA:49,0
DA:51,0
DA:53,0
DA:57,1
DA:58,0
DA:59,0
DA:60,0
DA:61,0
DA:62,0
DA:65,0
DA:66,0
DA:68,0
DA:70,0
DA:74,1
DA:75,0
DA:76,0
DA:77,0
DA:78,0
DA:79,0
DA:82,0
DA:84,0
DA:86,0
LF:48
LH:7
BRDA:22,0,0,0
BRDA:44,1,0,0
BRDA:61,2,0,0
BRDA:78,3,0,0
BRF:4
BRH:0
end_of_record
TN:
SF:src/middleware/index.ts
FN:4,(anonymous_0)
FNF:1
FNH:0
FNDA:0,(anonymous_0)
DA:2,1
DA:4,1
DA:9,0
DA:11,0
DA:12,0
DA:14,0
LF:6
LH:2
BRDA:11,0,0,0
BRF:1
BRH:0
end_of_record
TN:
SF:src/models/Product.model.ts
FNF:0
FNH:0
DA:1,1
DA:6,1
DA:10,1
DA:15,1
DA:21,1
DA:24,1
LF:6
LH:6
BRF:0
BRH:0
end_of_record
TN:
SF:src/validators/productValidations.ts
FN:10,(anonymous_0)
FNF:1
FNH:0
FNDA:0,(anonymous_0)
DA:1,1
DA:3,1
DA:10,0
LF:3
LH:2
BRF:0
BRH:0
end_of_record
